[14Jan2026 23:07:31.239] [main/INFO] [net.neoforged.fml.startup.Entrypoint/]: JVM Uptime at startup: 130ms
[14Jan2026 23:07:31.247] [main/INFO] [net.neoforged.fml.loading.FMLLoader/]: Starting FancyModLoader version 11.0.0 (CLIENT in DEV)
[14Jan2026 23:07:31.247] [main/INFO] [net.neoforged.fml.loading.FMLLoader/]: Game directory: C:\Users\jedde\GithubRepos\Minecraft\XP_Stream\neoforge\run
[14Jan2026 23:07:31.295] [main/INFO] [net.neoforged.fml.loading.EarlyServiceDiscovery/]: Found 2 early service jars (out of 108) in 21ms
[14Jan2026 23:07:31.296] [main/INFO] [net.neoforged.fml.loading.FMLLoader/]: Loading FML Early Services:
[14Jan2026 23:07:31.296] [main/INFO] [net.neoforged.fml.loading.FMLLoader/]:  - C:/Users/jedde/.gradle/caches/modules-2/files-2.1/net.neoforged.fancymodloader/earlydisplay/11.0.0/ff17cf55bcf18ef4a83a5e108bbcf27a78aba844/earlydisplay-11.0.0.jar
[14Jan2026 23:07:31.297] [main/INFO] [net.neoforged.fml.loading.FMLLoader/]:  - C:/Users/jedde/.gradle/caches/modules-2/files-2.1/net.neoforged.fancymodloader/loader/11.0.0/ee08faf8743b13ec64a5bdc788b48f64d3789e69/loader-11.0.0.jar
[14Jan2026 23:07:31.301] [main/INFO] [net.neoforged.fml.loading.ImmediateWindowHandler/]: Loading ImmediateWindowProvider fmlearlywindow
[14Jan2026 23:07:31.614] [ForkJoinPool.commonPool-worker-3/INFO] [net.neoforged.fml.loading.moddiscovery.locators.GameLocator/]: Detected a joined NeoForge and Minecraft configuration. Applying filtering...
[14Jan2026 23:07:31.639] [fml-loadingscreen/INFO] [net.neoforged.fml.earlydisplay.render.LoadingScreenRenderer/]: GL info: NVIDIA GeForce GTX 1660 SUPER/PCIe/SSE2 GL version 3.3.0 NVIDIA 572.83, NVIDIA Corporation
[14Jan2026 23:07:31.674] [ForkJoinPool.commonPool-worker-3/INFO] [net.neoforged.fml.loading.moddiscovery.locators.InDevFolderLocator/CORE]: Got mod coordinates xp_stream%%C:\Users\jedde\GithubRepos\Minecraft\XP_Stream\neoforge\build\classes\java\main;xp_stream%%C:\Users\jedde\GithubRepos\Minecraft\XP_Stream\neoforge\build\resources\main from env
[14Jan2026 23:07:31.804] [ForkJoinPool.commonPool-worker-3/INFO] [net.neoforged.fml.loading.moddiscovery.locators.JarInJarDependencyLocator/]: Found 2 dependencies adding them to mods collection
[14Jan2026 23:07:31.807] [ForkJoinPool.commonPool-worker-3/INFO] [net.neoforged.fml.loading.moddiscovery.ModDiscoverer/]: 
     Mod List:
		Name Version (Mod Id)

		Minecraft 26.1-snapshot-2 (minecraft)
		NeoForge 26.1.0.0-alpha.5+snapshot-2 (neoforge)
		XP_Stream 0.3.0 (xp_stream)
[14Jan2026 23:07:31.986] [main/INFO] [mixin/]: SpongePowered MIXIN Subsystem Version=0.8.7 Source=file:/C:/Users/jedde/.gradle/caches/modules-2/files-2.1/net.fabricmc/sponge-mixin/0.16.5+mixin.0.8.7/80fc3a9f592673cea87f4cd702f87991c6c9fe4d/sponge-mixin-0.16.5+mixin.0.8.7.jar Service=FML Env=CLIENT
[14Jan2026 23:07:32.006] [main/INFO] [net.neoforged.fml.loading.FMLLoader/]: Loading FML Plugins:
[14Jan2026 23:07:32.007] [main/INFO] [net.neoforged.fml.loading.FMLLoader/]:  - C:/Users/jedde/.gradle/caches/modules-2/files-2.1/net.neoforged/neoforge/26.1.0.0-alpha.5+snapshot-2/4c6aaa57723774ca3bd93f7a108ae64c8ea2d991/neoforge-26.1.0.0-alpha.5+snapshot-2-universal.jar > net.neoforged.neoforge-coremods-26.1.0.0-alpha.5+snapshot-2.jar
[14Jan2026 23:07:32.077] [main/INFO] [net.neoforged.fml.loading.FMLLoader/]: Building game content classloader:
 - minecraft (composite(filtered(jar(C:/Users/jedde/GithubRepos/Minecraft/XP_Stream/neoforge/build/moddev/artifacts/minecraft-patched-26.1.0.0-alpha.5+snapshot-2.jar)), filtered(jar(C:/Users/jedde/GithubRepos/Minecraft/XP_Stream/neoforge/build/moddev/artifacts/minecraft-patched-26.1.0.0-alpha.5+snapshot-2.jar))))
 - mixinextras.neoforge (jar(C:/Users/jedde/.gradle/caches/modules-2/files-2.1/net.neoforged/neoforge/26.1.0.0-alpha.5+snapshot-2/4c6aaa57723774ca3bd93f7a108ae64c8ea2d991/neoforge-26.1.0.0-alpha.5+snapshot-2-universal.jar > mixinextras-neoforge-0.5.0.jar))
 - neoforge (composite(filtered(jar(C:/Users/jedde/.gradle/caches/modules-2/files-2.1/net.neoforged/neoforge/26.1.0.0-alpha.5+snapshot-2/4c6aaa57723774ca3bd93f7a108ae64c8ea2d991/neoforge-26.1.0.0-alpha.5+snapshot-2-universal.jar))))
 - net.neoforged.fml.generated (empty(VirtualJar/net.neoforged.fml.generated))
 - xp_stream (composite(folder(C:/Users/jedde/GithubRepos/Minecraft/XP_Stream/neoforge/build/classes/java/main), folder(C:/Users/jedde/GithubRepos/Minecraft/XP_Stream/neoforge/build/resources/main)))
[14Jan2026 23:07:32.086] [main/INFO] [net.neoforged.fml.loading.FMLLoader/]: Built game content classloader in 16ms
[14Jan2026 23:07:33.109] [Datafixer Bootstrap/INFO] [com.mojang.datafixers.DataFixerBuilder/]: 291 Datafixer optimizations took 253 milliseconds
[14Jan2026 23:07:33.150] [pool-8-thread-1/INFO] [MixinExtras|Service/]: Initializing MixinExtras via com.llamalad7.mixinextras.service.MixinExtrasServiceImpl(version=0.5.0).
[14Jan2026 23:07:36.645] [main/WARN] [net.minecraft.commands.Commands/]: Ambiguity between arguments [teleport, location] and [teleport, destination] with inputs: [0.1 -0.5 .9, 0 0 0]
[14Jan2026 23:07:36.646] [main/WARN] [net.minecraft.commands.Commands/]: Ambiguity between arguments [teleport, location] and [teleport, targets] with inputs: [0.1 -0.5 .9, 0 0 0]
[14Jan2026 23:07:36.648] [main/WARN] [net.minecraft.commands.Commands/]: Ambiguity between arguments [teleport, destination] and [teleport, targets] with inputs: [Player, 0123, @e, dd12be42-52a9-4a91-a8a1-11c01849e498]
[14Jan2026 23:07:36.648] [main/WARN] [net.minecraft.commands.Commands/]: Ambiguity between arguments [teleport, targets] and [teleport, destination] with inputs: [Player, 0123, dd12be42-52a9-4a91-a8a1-11c01849e498]
[14Jan2026 23:07:36.649] [main/WARN] [net.minecraft.commands.Commands/]: Ambiguity between arguments [teleport, targets, location] and [teleport, targets, destination] with inputs: [0.1 -0.5 .9, 0 0 0]
[14Jan2026 23:07:36.650] [main/WARN] [net.minecraft.commands.Commands/]: Ambiguity between arguments [waypoint, modify, waypoint, color, reset] and [waypoint, modify, waypoint, color, color] with inputs: [reset]
[14Jan2026 23:07:36.711] [modloading-worker-0/INFO] [net.neoforged.neoforge.common.NeoForgeMod/NEOFORGE-MOD]: NeoForge mod loading, version 26.1.0.0-alpha.5+snapshot-2, for MC 26.1 Snapshot 2
[14Jan2026 23:07:37.121] [Render thread/INFO] [com.mojang.authlib.yggdrasil.YggdrasilAuthenticationService/]: Environment: Environment[sessionHost=https://sessionserver.mojang.com, servicesHost=https://api.minecraftservices.com, profilesHost=https://api.mojang.com, name=PROD]
[14Jan2026 23:07:37.138] [Render thread/INFO] [net.minecraft.client.Minecraft/]: Setting user: Dev
[14Jan2026 23:07:37.208] [Render thread/INFO] [net.minecraft.client.Minecraft/]: Backend library: LWJGL version 3.3.3+5
[14Jan2026 23:07:37.298] [Render thread/INFO] [net.minecraft.client.Minecraft/]: Using optional rendering extensions: GL_ARB_buffer_storage, GL_KHR_debug, GL_ARB_vertex_attrib_binding, GL_ARB_direct_state_access, GL_EXT_texture_filter_anisotropic
[14Jan2026 23:07:37.701] [Render thread/INFO] [net.minecraft.server.packs.resources.ReloadableResourceManager/]: Reloading ResourceManager: vanilla, mod_resources, mod/xp_stream, mod/neoforge
[14Jan2026 23:07:37.850] [resourceLoad/INFO] [net.minecraft.client.gui.font.providers.UnihexProvider/]: Found unifont_pua-17.0.01.hex, loading
[14Jan2026 23:07:37.854] [resourceLoad/INFO] [net.minecraft.client.gui.font.providers.UnihexProvider/]: Found unifont_all_no_pua-17.0.01.hex, loading
[14Jan2026 23:07:38.056] [resourceLoad/INFO] [net.minecraft.client.gui.font.providers.UnihexProvider/]: Found unifont_jp_patch-17.0.01.hex, loading
[14Jan2026 23:07:38.751] [Render thread/INFO] [com.mojang.blaze3d.audio.Library/]: OpenAL initialized on device OpenAL Soft on Headset Earphone (Jabra EVOLVE 20 MS)
[14Jan2026 23:07:38.752] [Render thread/INFO] [net.minecraft.client.sounds.SoundEngine/SOUNDS]: Sound engine started
[14Jan2026 23:07:38.752] [Render thread/INFO] [net.minecraft.client.renderer.texture.TextureAtlas/]: Created: 512x256x0 minecraft:textures/atlas/particles.png-atlas
[14Jan2026 23:07:38.765] [Render thread/INFO] [net.minecraft.client.renderer.texture.TextureAtlas/]: Created: 128x128x0 minecraft:textures/atlas/decorated_pot.png-atlas
[14Jan2026 23:07:38.772] [Render thread/INFO] [net.minecraft.client.renderer.texture.TextureAtlas/]: Created: 2048x1024x0 minecraft:textures/atlas/armor_trims.png-atlas
[14Jan2026 23:07:38.786] [Render thread/INFO] [net.minecraft.client.renderer.texture.TextureAtlas/]: Created: 512x256x0 minecraft:textures/atlas/paintings.png-atlas
[14Jan2026 23:07:38.825] [Render thread/INFO] [net.minecraft.client.renderer.texture.TextureAtlas/]: Created: 1024x512x0 minecraft:textures/atlas/shield_patterns.png-atlas
[14Jan2026 23:07:38.827] [Render thread/INFO] [net.minecraft.client.renderer.texture.TextureAtlas/]: Created: 2048x2048x4 minecraft:textures/atlas/blocks.png-atlas
[14Jan2026 23:07:38.890] [Render thread/INFO] [net.minecraft.client.renderer.texture.TextureAtlas/]: Created: 512x512x0 minecraft:textures/atlas/chest.png-atlas
[14Jan2026 23:07:38.928] [Render thread/INFO] [net.minecraft.client.renderer.texture.TextureAtlas/]: Created: 256x128x0 minecraft:textures/atlas/celestials.png-atlas
[14Jan2026 23:07:38.929] [Render thread/INFO] [net.minecraft.client.renderer.texture.TextureAtlas/]: Created: 1024x512x0 minecraft:textures/atlas/banner_patterns.png-atlas
[14Jan2026 23:07:38.931] [Render thread/INFO] [net.minecraft.client.renderer.texture.TextureAtlas/]: Created: 512x512x0 minecraft:textures/atlas/beds.png-atlas
[14Jan2026 23:07:38.938] [Render thread/INFO] [net.minecraft.client.renderer.texture.TextureAtlas/]: Created: 1024x512x0 minecraft:textures/atlas/items.png-atlas
[14Jan2026 23:07:38.948] [Render thread/INFO] [net.minecraft.client.renderer.texture.TextureAtlas/]: Created: 1024x1024x0 minecraft:textures/atlas/gui.png-atlas
[14Jan2026 23:07:38.970] [Render thread/INFO] [net.minecraft.client.renderer.texture.TextureAtlas/]: Created: 128x64x0 minecraft:textures/atlas/map_decorations.png-atlas
[14Jan2026 23:07:38.991] [Render thread/INFO] [net.minecraft.client.renderer.texture.TextureAtlas/]: Created: 512x256x0 minecraft:textures/atlas/signs.png-atlas
[14Jan2026 23:07:38.992] [Render thread/INFO] [net.minecraft.client.renderer.texture.TextureAtlas/]: Created: 512x512x0 minecraft:textures/atlas/shulker_boxes.png-atlas
[14Jan2026 23:07:39.099] [Render thread/INFO] [net.neoforged.neoforge.client.entity.animation.json.AnimationLoader/]: Loaded 0 entity animations
[14Jan2026 23:13:00.450] [Render thread/INFO] [net.minecraft.client.Minecraft/]: Stopping!
